<?xml version="1.0" encoding="UTF-8"?>
<testng-results total="2" passed="2" failed="0" skipped="0">
  <reporter-output>
  </reporter-output>
  <suite started-at="2025-01-09T17:03:17Z" name="Suite" finished-at="2025-01-09T17:03:22Z" duration-ms="5432">
    <groups>
    </groups>
    <test started-at="2025-01-09T17:03:17Z" name="Validating User login" finished-at="2025-01-09T17:03:22Z" duration-ms="5432">
      <class name="Academy.HomePage">
        <test-method is-config="true" signature="initialize()[pri:0, instance:Academy.HomePage@18a136ac]" started-at="2025-01-09T22:33:17Z" name="initialize" finished-at="2025-01-09T22:33:19Z" duration-ms="2214" status="PASS">
          <reporter-output>
          </reporter-output>
        </test-method> <!-- initialize -->
        <test-method signature="basePageNavigation(java.lang.String, java.lang.String, java.lang.String)[pri:0, instance:Academy.HomePage@18a136ac]" started-at="2025-01-09T22:33:19Z" name="basePageNavigation" data-provider="getData" finished-at="2025-01-09T22:33:22Z" duration-ms="2466" status="PASS">
          <params>
            <param index="0">
              <value>
                <![CDATA[standard_user]]>
              </value>
            </param>
            <param index="1">
              <value>
                <![CDATA[secret_sauce]]>
              </value>
            </param>
            <param index="2">
              <value>
                <![CDATA[sample]]>
              </value>
            </param>
          </params>
          <reporter-output>
          </reporter-output>
        </test-method> <!-- basePageNavigation -->
        <test-method signature="basePageNavigation(java.lang.String, java.lang.String, java.lang.String)[pri:0, instance:Academy.HomePage@18a136ac]" started-at="2025-01-09T22:33:22Z" name="basePageNavigation" data-provider="getData" finished-at="2025-01-09T22:33:22Z" duration-ms="577" status="PASS">
          <params>
            <param index="0">
              <value>
                <![CDATA[standard_user]]>
              </value>
            </param>
            <param index="1">
              <value>
                <![CDATA[secret_sauce]]>
              </value>
            </param>
            <param index="2">
              <value>
                <![CDATA[sample data2]]>
              </value>
            </param>
          </params>
          <reporter-output>
          </reporter-output>
        </test-method> <!-- basePageNavigation -->
        <test-method is-config="true" signature="teardown()[pri:0, instance:Academy.HomePage@18a136ac]" started-at="2025-01-09T22:33:22Z" name="teardown" finished-at="2025-01-09T22:33:22Z" duration-ms="154" status="PASS">
          <reporter-output>
          </reporter-output>
        </test-method> <!-- teardown -->
      </class> <!-- Academy.HomePage -->
    </test> <!-- Validating User login -->
  </suite> <!-- Suite -->
</testng-results>
