<?xml version="1.0" encoding="UTF-8"?>
<testng-results ignored="0" total="2" passed="2" failed="0" skipped="0">
  <reporter-output>
  </reporter-output>
  <suite started-at="2025-01-09T16:15:03 IST" name="Suite" finished-at="2025-01-09T16:15:11 IST" duration-ms="7985">
    <groups>
    </groups>
    <test started-at="2025-01-09T16:15:03 IST" name="Validating User login" finished-at="2025-01-09T16:15:11 IST" duration-ms="7985">
      <class name="Academy.HomePage">
        <test-method is-config="true" signature="initialize()[pri:0, instance:Academy.HomePage@1d71006f]" started-at="2025-01-09T16:15:03 IST" name="initialize" finished-at="2025-01-09T16:15:05 IST" duration-ms="2836" status="PASS">
          <reporter-output>
          </reporter-output>
        </test-method> <!-- initialize -->
        <test-method signature="basePageNavigation(java.lang.String,java.lang.String,java.lang.String)[pri:0, instance:Academy.HomePage@1d71006f]" started-at="2025-01-09T16:15:05 IST" name="basePageNavigation" data-provider="getData" finished-at="2025-01-09T16:15:09 IST" duration-ms="3752" status="PASS">
          <params>
            <param index="0">
              <value>
                <![CDATA[standard_user]]>
              </value>
            </param>
            <param index="1">
              <value>
                <![CDATA[secret_sauce]]>
              </value>
            </param>
            <param index="2">
              <value>
                <![CDATA[sample]]>
              </value>
            </param>
          </params>
          <reporter-output>
          </reporter-output>
        </test-method> <!-- basePageNavigation -->
        <test-method signature="basePageNavigation(java.lang.String,java.lang.String,java.lang.String)[pri:0, instance:Academy.HomePage@1d71006f]" started-at="2025-01-09T16:15:09 IST" name="basePageNavigation" data-provider="getData" finished-at="2025-01-09T16:15:10 IST" duration-ms="902" status="PASS">
          <params>
            <param index="0">
              <value>
                <![CDATA[standard_user]]>
              </value>
            </param>
            <param index="1">
              <value>
                <![CDATA[secret_sauce]]>
              </value>
            </param>
            <param index="2">
              <value>
                <![CDATA[sample data2]]>
              </value>
            </param>
          </params>
          <reporter-output>
          </reporter-output>
        </test-method> <!-- basePageNavigation -->
        <test-method is-config="true" signature="teardown()[pri:0, instance:Academy.HomePage@1d71006f]" started-at="2025-01-09T16:15:10 IST" name="teardown" finished-at="2025-01-09T16:15:11 IST" duration-ms="422" status="PASS">
          <reporter-output>
          </reporter-output>
        </test-method> <!-- teardown -->
      </class> <!-- Academy.HomePage -->
    </test> <!-- Validating User login -->
  </suite> <!-- Suite -->
</testng-results>
